<?xml version="1.0" encoding="UTF-8"?>
<testsuite xmlns:xsi="http://www.w3.org/2001/XMLSchema-instance" xsi:noNamespaceSchemaLocation="https://maven.apache.org/surefire/maven-surefire-plugin/xsd/surefire-test-report.xsd" version="3.0.2" name="com.example.webookchallenge.WebookchallengeApplicationTests" time="9.176" tests="1" errors="0" skipped="0" failures="0">
  <properties>
    <property name="java.specification.version" value="21"/>
    <property name="sun.jnu.encoding" value="UTF-8"/>
    <property name="java.class.path" value="/home/vedansh/Documents/webookchallenge/target/test-classes:/home/vedansh/Documents/webookchallenge/target/classes:/home/vedansh/.m2/repository/org/springframework/boot/spring-boot-starter-web/3.5.6/spring-boot-starter-web-3.5.6.jar:/home/vedansh/.m2/repository/org/springframework/boot/spring-boot-starter/3.5.6/spring-boot-starter-3.5.6.jar:/home/vedansh/.m2/repository/org/springframework/boot/spring-boot-starter-logging/3.5.6/spring-boot-starter-logging-3.5.6.jar:/home/vedansh/.m2/repository/ch/qos/logback/logback-classic/1.5.18/logback-classic-1.5.18.jar:/home/vedansh/.m2/repository/ch/qos/logback/logback-core/1.5.18/logback-core-1.5.18.jar:/home/vedansh/.m2/repository/org/apache/logging/log4j/log4j-to-slf4j/2.24.3/log4j-to-slf4j-2.24.3.jar:/home/vedansh/.m2/repository/org/apache/logging/log4j/log4j-api/2.24.3/log4j-api-2.24.3.jar:/home/vedansh/.m2/repository/org/slf4j/jul-to-slf4j/2.0.17/jul-to-slf4j-2.0.17.jar:/home/vedansh/.m2/repository/jakarta/annotation/jakarta.annotation-api/2.1.1/jakarta.annotation-api-2.1.1.jar:/home/vedansh/.m2/repository/org/yaml/snakeyaml/2.4/snakeyaml-2.4.jar:/home/vedansh/.m2/repository/org/springframework/boot/spring-boot-starter-json/3.5.6/spring-boot-starter-json-3.5.6.jar:/home/vedansh/.m2/repository/com/fasterxml/jackson/core/jackson-databind/2.19.2/jackson-databind-2.19.2.jar:/home/vedansh/.m2/repository/com/fasterxml/jackson/core/jackson-annotations/2.19.2/jackson-annotations-2.19.2.jar:/home/vedansh/.m2/repository/com/fasterxml/jackson/core/jackson-core/2.19.2/jackson-core-2.19.2.jar:/home/vedansh/.m2/repository/com/fasterxml/jackson/datatype/jackson-datatype-jdk8/2.19.2/jackson-datatype-jdk8-2.19.2.jar:/home/vedansh/.m2/repository/com/fasterxml/jackson/datatype/jackson-datatype-jsr310/2.19.2/jackson-datatype-jsr310-2.19.2.jar:/home/vedansh/.m2/repository/com/fasterxml/jackson/module/jackson-module-parameter-names/2.19.2/jackson-module-parameter-names-2.19.2.jar:/home/vedansh/.m2/repository/org/springframework/boot/spring-boot-starter-tomcat/3.5.6/spring-boot-starter-tomcat-3.5.6.jar:/home/vedansh/.m2/repository/org/apache/tomcat/embed/tomcat-embed-core/10.1.46/tomcat-embed-core-10.1.46.jar:/home/vedansh/.m2/repository/org/apache/tomcat/embed/tomcat-embed-el/10.1.46/tomcat-embed-el-10.1.46.jar:/home/vedansh/.m2/repository/org/apache/tomcat/embed/tomcat-embed-websocket/10.1.46/tomcat-embed-websocket-10.1.46.jar:/home/vedansh/.m2/repository/org/springframework/spring-web/6.2.11/spring-web-6.2.11.jar:/home/vedansh/.m2/repository/org/springframework/spring-beans/6.2.11/spring-beans-6.2.11.jar:/home/vedansh/.m2/repository/io/micrometer/micrometer-observation/1.15.4/micrometer-observation-1.15.4.jar:/home/vedansh/.m2/repository/io/micrometer/micrometer-commons/1.15.4/micrometer-commons-1.15.4.jar:/home/vedansh/.m2/repository/org/springframework/spring-webmvc/6.2.11/spring-webmvc-6.2.11.jar:/home/vedansh/.m2/repository/org/springframework/spring-aop/6.2.11/spring-aop-6.2.11.jar:/home/vedansh/.m2/repository/org/springframework/spring-context/6.2.11/spring-context-6.2.11.jar:/home/vedansh/.m2/repository/org/springframework/spring-expression/6.2.11/spring-expression-6.2.11.jar:/home/vedansh/.m2/repository/org/springframework/boot/spring-boot-devtools/3.5.6/spring-boot-devtools-3.5.6.jar:/home/vedansh/.m2/repository/org/springframework/boot/spring-boot/3.5.6/spring-boot-3.5.6.jar:/home/vedansh/.m2/repository/org/springframework/boot/spring-boot-autoconfigure/3.5.6/spring-boot-autoconfigure-3.5.6.jar:/home/vedansh/.m2/repository/org/springframework/boot/spring-boot-starter-test/3.5.6/spring-boot-starter-test-3.5.6.jar:/home/vedansh/.m2/repository/org/springframework/boot/spring-boot-test/3.5.6/spring-boot-test-3.5.6.jar:/home/vedansh/.m2/repository/org/springframework/boot/spring-boot-test-autoconfigure/3.5.6/spring-boot-test-autoconfigure-3.5.6.jar:/home/vedansh/.m2/repository/com/jayway/jsonpath/json-path/2.9.0/json-path-2.9.0.jar:/home/vedansh/.m2/repository/org/slf4j/slf4j-api/2.0.17/slf4j-api-2.0.17.jar:/home/vedansh/.m2/repository/jakarta/xml/bind/jakarta.xml.bind-api/4.0.2/jakarta.xml.bind-api-4.0.2.jar:/home/vedansh/.m2/repository/jakarta/activation/jakarta.activation-api/2.1.4/jakarta.activation-api-2.1.4.jar:/home/vedansh/.m2/repository/net/minidev/json-smart/2.5.2/json-smart-2.5.2.jar:/home/vedansh/.m2/repository/net/minidev/accessors-smart/2.5.2/accessors-smart-2.5.2.jar:/home/vedansh/.m2/repository/org/ow2/asm/asm/9.7.1/asm-9.7.1.jar:/home/vedansh/.m2/repository/org/assertj/assertj-core/3.27.4/assertj-core-3.27.4.jar:/home/vedansh/.m2/repository/net/bytebuddy/byte-buddy/1.17.7/byte-buddy-1.17.7.jar:/home/vedansh/.m2/repository/org/awaitility/awaitility/4.2.2/awaitility-4.2.2.jar:/home/vedansh/.m2/repository/org/hamcrest/hamcrest/3.0/hamcrest-3.0.jar:/home/vedansh/.m2/repository/org/junit/jupiter/junit-jupiter/5.12.2/junit-jupiter-5.12.2.jar:/home/vedansh/.m2/repository/org/junit/jupiter/junit-jupiter-api/5.12.2/junit-jupiter-api-5.12.2.jar:/home/vedansh/.m2/repository/org/opentest4j/opentest4j/1.3.0/opentest4j-1.3.0.jar:/home/vedansh/.m2/repository/org/junit/platform/junit-platform-commons/1.12.2/junit-platform-commons-1.12.2.jar:/home/vedansh/.m2/repository/org/apiguardian/apiguardian-api/1.1.2/apiguardian-api-1.1.2.jar:/home/vedansh/.m2/repository/org/junit/jupiter/junit-jupiter-params/5.12.2/junit-jupiter-params-5.12.2.jar:/home/vedansh/.m2/repository/org/junit/jupiter/junit-jupiter-engine/5.12.2/junit-jupiter-engine-5.12.2.jar:/home/vedansh/.m2/repository/org/junit/platform/junit-platform-engine/1.12.2/junit-platform-engine-1.12.2.jar:/home/vedansh/.m2/repository/org/mockito/mockito-core/5.17.0/mockito-core-5.17.0.jar:/home/vedansh/.m2/repository/net/bytebuddy/byte-buddy-agent/1.17.7/byte-buddy-agent-1.17.7.jar:/home/vedansh/.m2/repository/org/objenesis/objenesis/3.3/objenesis-3.3.jar:/home/vedansh/.m2/repository/org/mockito/mockito-junit-jupiter/5.17.0/mockito-junit-jupiter-5.17.0.jar:/home/vedansh/.m2/repository/org/skyscreamer/jsonassert/1.5.3/jsonassert-1.5.3.jar:/home/vedansh/.m2/repository/com/vaadin/external/google/android-json/0.0.20131108.vaadin1/android-json-0.0.20131108.vaadin1.jar:/home/vedansh/.m2/repository/org/springframework/spring-core/6.2.11/spring-core-6.2.11.jar:/home/vedansh/.m2/repository/org/springframework/spring-jcl/6.2.11/spring-jcl-6.2.11.jar:/home/vedansh/.m2/repository/org/springframework/spring-test/6.2.11/spring-test-6.2.11.jar:/home/vedansh/.m2/repository/org/xmlunit/xmlunit-core/2.10.4/xmlunit-core-2.10.4.jar:/home/vedansh/.m2/repository/org/projectlombok/lombok/1.18.40/lombok-1.18.40.jar:"/>
    <property name="java.vm.vendor" value="Ubuntu"/>
    <property name="sun.arch.data.model" value="64"/>
    <property name="java.vendor.url" value="https://ubuntu.com/"/>
    <property name="user.timezone" value="Asia/Kolkata"/>
    <property name="os.name" value="Linux"/>
    <property name="java.vm.specification.version" value="21"/>
    <property name="APPLICATION_NAME" value="webhook-challenge"/>
    <property name="sun.java.launcher" value="SUN_STANDARD"/>
    <property name="user.country" value="US"/>
    <property name="sun.boot.library.path" value="/usr/lib/jvm/java-21-openjdk-amd64/lib"/>
    <property name="sun.java.command" value="/home/vedansh/Documents/webookchallenge/target/surefire/surefirebooter-20250922150011498_3.jar /home/vedansh/Documents/webookchallenge/target/surefire 2025-09-22T15-00-11_077-jvmRun1 surefire-20250922150011498_1tmp surefire_0-20250922150011498_2tmp"/>
    <property name="jdk.debug" value="release"/>
    <property name="surefire.test.class.path" value="/home/vedansh/Documents/webookchallenge/target/test-classes:/home/vedansh/Documents/webookchallenge/target/classes:/home/vedansh/.m2/repository/org/springframework/boot/spring-boot-starter-web/3.5.6/spring-boot-starter-web-3.5.6.jar:/home/vedansh/.m2/repository/org/springframework/boot/spring-boot-starter/3.5.6/spring-boot-starter-3.5.6.jar:/home/vedansh/.m2/repository/org/springframework/boot/spring-boot-starter-logging/3.5.6/spring-boot-starter-logging-3.5.6.jar:/home/vedansh/.m2/repository/ch/qos/logback/logback-classic/1.5.18/logback-classic-1.5.18.jar:/home/vedansh/.m2/repository/ch/qos/logback/logback-core/1.5.18/logback-core-1.5.18.jar:/home/vedansh/.m2/repository/org/apache/logging/log4j/log4j-to-slf4j/2.24.3/log4j-to-slf4j-2.24.3.jar:/home/vedansh/.m2/repository/org/apache/logging/log4j/log4j-api/2.24.3/log4j-api-2.24.3.jar:/home/vedansh/.m2/repository/org/slf4j/jul-to-slf4j/2.0.17/jul-to-slf4j-2.0.17.jar:/home/vedansh/.m2/repository/jakarta/annotation/jakarta.annotation-api/2.1.1/jakarta.annotation-api-2.1.1.jar:/home/vedansh/.m2/repository/org/yaml/snakeyaml/2.4/snakeyaml-2.4.jar:/home/vedansh/.m2/repository/org/springframework/boot/spring-boot-starter-json/3.5.6/spring-boot-starter-json-3.5.6.jar:/home/vedansh/.m2/repository/com/fasterxml/jackson/core/jackson-databind/2.19.2/jackson-databind-2.19.2.jar:/home/vedansh/.m2/repository/com/fasterxml/jackson/core/jackson-annotations/2.19.2/jackson-annotations-2.19.2.jar:/home/vedansh/.m2/repository/com/fasterxml/jackson/core/jackson-core/2.19.2/jackson-core-2.19.2.jar:/home/vedansh/.m2/repository/com/fasterxml/jackson/datatype/jackson-datatype-jdk8/2.19.2/jackson-datatype-jdk8-2.19.2.jar:/home/vedansh/.m2/repository/com/fasterxml/jackson/datatype/jackson-datatype-jsr310/2.19.2/jackson-datatype-jsr310-2.19.2.jar:/home/vedansh/.m2/repository/com/fasterxml/jackson/module/jackson-module-parameter-names/2.19.2/jackson-module-parameter-names-2.19.2.jar:/home/vedansh/.m2/repository/org/springframework/boot/spring-boot-starter-tomcat/3.5.6/spring-boot-starter-tomcat-3.5.6.jar:/home/vedansh/.m2/repository/org/apache/tomcat/embed/tomcat-embed-core/10.1.46/tomcat-embed-core-10.1.46.jar:/home/vedansh/.m2/repository/org/apache/tomcat/embed/tomcat-embed-el/10.1.46/tomcat-embed-el-10.1.46.jar:/home/vedansh/.m2/repository/org/apache/tomcat/embed/tomcat-embed-websocket/10.1.46/tomcat-embed-websocket-10.1.46.jar:/home/vedansh/.m2/repository/org/springframework/spring-web/6.2.11/spring-web-6.2.11.jar:/home/vedansh/.m2/repository/org/springframework/spring-beans/6.2.11/spring-beans-6.2.11.jar:/home/vedansh/.m2/repository/io/micrometer/micrometer-observation/1.15.4/micrometer-observation-1.15.4.jar:/home/vedansh/.m2/repository/io/micrometer/micrometer-commons/1.15.4/micrometer-commons-1.15.4.jar:/home/vedansh/.m2/repository/org/springframework/spring-webmvc/6.2.11/spring-webmvc-6.2.11.jar:/home/vedansh/.m2/repository/org/springframework/spring-aop/6.2.11/spring-aop-6.2.11.jar:/home/vedansh/.m2/repository/org/springframework/spring-context/6.2.11/spring-context-6.2.11.jar:/home/vedansh/.m2/repository/org/springframework/spring-expression/6.2.11/spring-expression-6.2.11.jar:/home/vedansh/.m2/repository/org/springframework/boot/spring-boot-devtools/3.5.6/spring-boot-devtools-3.5.6.jar:/home/vedansh/.m2/repository/org/springframework/boot/spring-boot/3.5.6/spring-boot-3.5.6.jar:/home/vedansh/.m2/repository/org/springframework/boot/spring-boot-autoconfigure/3.5.6/spring-boot-autoconfigure-3.5.6.jar:/home/vedansh/.m2/repository/org/springframework/boot/spring-boot-starter-test/3.5.6/spring-boot-starter-test-3.5.6.jar:/home/vedansh/.m2/repository/org/springframework/boot/spring-boot-test/3.5.6/spring-boot-test-3.5.6.jar:/home/vedansh/.m2/repository/org/springframework/boot/spring-boot-test-autoconfigure/3.5.6/spring-boot-test-autoconfigure-3.5.6.jar:/home/vedansh/.m2/repository/com/jayway/jsonpath/json-path/2.9.0/json-path-2.9.0.jar:/home/vedansh/.m2/repository/org/slf4j/slf4j-api/2.0.17/slf4j-api-2.0.17.jar:/home/vedansh/.m2/repository/jakarta/xml/bind/jakarta.xml.bind-api/4.0.2/jakarta.xml.bind-api-4.0.2.jar:/home/vedansh/.m2/repository/jakarta/activation/jakarta.activation-api/2.1.4/jakarta.activation-api-2.1.4.jar:/home/vedansh/.m2/repository/net/minidev/json-smart/2.5.2/json-smart-2.5.2.jar:/home/vedansh/.m2/repository/net/minidev/accessors-smart/2.5.2/accessors-smart-2.5.2.jar:/home/vedansh/.m2/repository/org/ow2/asm/asm/9.7.1/asm-9.7.1.jar:/home/vedansh/.m2/repository/org/assertj/assertj-core/3.27.4/assertj-core-3.27.4.jar:/home/vedansh/.m2/repository/net/bytebuddy/byte-buddy/1.17.7/byte-buddy-1.17.7.jar:/home/vedansh/.m2/repository/org/awaitility/awaitility/4.2.2/awaitility-4.2.2.jar:/home/vedansh/.m2/repository/org/hamcrest/hamcrest/3.0/hamcrest-3.0.jar:/home/vedansh/.m2/repository/org/junit/jupiter/junit-jupiter/5.12.2/junit-jupiter-5.12.2.jar:/home/vedansh/.m2/repository/org/junit/jupiter/junit-jupiter-api/5.12.2/junit-jupiter-api-5.12.2.jar:/home/vedansh/.m2/repository/org/opentest4j/opentest4j/1.3.0/opentest4j-1.3.0.jar:/home/vedansh/.m2/repository/org/junit/platform/junit-platform-commons/1.12.2/junit-platform-commons-1.12.2.jar:/home/vedansh/.m2/repository/org/apiguardian/apiguardian-api/1.1.2/apiguardian-api-1.1.2.jar:/home/vedansh/.m2/repository/org/junit/jupiter/junit-jupiter-params/5.12.2/junit-jupiter-params-5.12.2.jar:/home/vedansh/.m2/repository/org/junit/jupiter/junit-jupiter-engine/5.12.2/junit-jupiter-engine-5.12.2.jar:/home/vedansh/.m2/repository/org/junit/platform/junit-platform-engine/1.12.2/junit-platform-engine-1.12.2.jar:/home/vedansh/.m2/repository/org/mockito/mockito-core/5.17.0/mockito-core-5.17.0.jar:/home/vedansh/.m2/repository/net/bytebuddy/byte-buddy-agent/1.17.7/byte-buddy-agent-1.17.7.jar:/home/vedansh/.m2/repository/org/objenesis/objenesis/3.3/objenesis-3.3.jar:/home/vedansh/.m2/repository/org/mockito/mockito-junit-jupiter/5.17.0/mockito-junit-jupiter-5.17.0.jar:/home/vedansh/.m2/repository/org/skyscreamer/jsonassert/1.5.3/jsonassert-1.5.3.jar:/home/vedansh/.m2/repository/com/vaadin/external/google/android-json/0.0.20131108.vaadin1/android-json-0.0.20131108.vaadin1.jar:/home/vedansh/.m2/repository/org/springframework/spring-core/6.2.11/spring-core-6.2.11.jar:/home/vedansh/.m2/repository/org/springframework/spring-jcl/6.2.11/spring-jcl-6.2.11.jar:/home/vedansh/.m2/repository/org/springframework/spring-test/6.2.11/spring-test-6.2.11.jar:/home/vedansh/.m2/repository/org/xmlunit/xmlunit-core/2.10.4/xmlunit-core-2.10.4.jar:/home/vedansh/.m2/repository/org/projectlombok/lombok/1.18.40/lombok-1.18.40.jar:"/>
    <property name="sun.cpu.endian" value="little"/>
    <property name="user.home" value="/home/vedansh"/>
    <property name="user.language" value="en"/>
    <property name="java.specification.vendor" value="Oracle Corporation"/>
    <property name="java.version.date" value="2025-07-15"/>
    <property name="java.home" value="/usr/lib/jvm/java-21-openjdk-amd64"/>
    <property name="file.separator" value="/"/>
    <property name="basedir" value="/home/vedansh/Documents/webookchallenge"/>
    <property name="java.vm.compressedOopsMode" value="Zero based"/>
    <property name="line.separator" value="&#10;"/>
    <property name="java.vm.specification.vendor" value="Oracle Corporation"/>
    <property name="java.specification.name" value="Java Platform API Specification"/>
    <property name="FILE_LOG_CHARSET" value="UTF-8"/>
    <property name="java.awt.headless" value="true"/>
    <property name="surefire.real.class.path" value="/home/vedansh/Documents/webookchallenge/target/surefire/surefirebooter-20250922150011498_3.jar"/>
    <property name="sun.management.compiler" value="HotSpot 64-Bit Tiered Compilers"/>
    <property name="java.runtime.version" value="21.0.8+9-Ubuntu-0ubuntu124.04.1"/>
    <property name="user.name" value="vedansh"/>
    <property name="stdout.encoding" value="UTF-8"/>
    <property name="path.separator" value=":"/>
    <property name="os.version" value="6.14.0-29-generic"/>
    <property name="java.runtime.name" value="OpenJDK Runtime Environment"/>
    <property name="file.encoding" value="UTF-8"/>
    <property name="java.vm.name" value="OpenJDK 64-Bit Server VM"/>
    <property name="localRepository" value="/home/vedansh/.m2/repository"/>
    <property name="java.vendor.url.bug" value="https://bugs.launchpad.net/ubuntu/+source/openjdk-21"/>
    <property name="java.io.tmpdir" value="/tmp"/>
    <property name="java.version" value="21.0.8"/>
    <property name="user.dir" value="/home/vedansh/Documents/webookchallenge"/>
    <property name="os.arch" value="amd64"/>
    <property name="java.vm.specification.name" value="Java Virtual Machine Specification"/>
    <property name="PID" value="338664"/>
    <property name="CONSOLE_LOG_CHARSET" value="UTF-8"/>
    <property name="native.encoding" value="UTF-8"/>
    <property name="java.library.path" value="/usr/java/packages/lib:/usr/lib/x86_64-linux-gnu/jni:/lib/x86_64-linux-gnu:/usr/lib/x86_64-linux-gnu:/usr/lib/jni:/lib:/usr/lib"/>
    <property name="java.vm.info" value="mixed mode, sharing"/>
    <property name="stderr.encoding" value="UTF-8"/>
    <property name="java.vendor" value="Ubuntu"/>
    <property name="java.vm.version" value="21.0.8+9-Ubuntu-0ubuntu124.04.1"/>
    <property name="sun.io.unicode.encoding" value="UnicodeLittle"/>
    <property name="java.class.version" value="65.0"/>
    <property name="CONSOLE_LOG_PATTERN" value="%d{HH:mm:ss.SSS} [%thread] %-5level %logger{36} - %msg%n"/>
    <property name="LOGGED_APPLICATION_NAME" value="[webhook-challenge] "/>
  </properties>
  <testcase name="contextLoads" classname="com.example.webookchallenge.WebookchallengeApplicationTests" time="2.207">
    <system-out><![CDATA[15:00:13.847 [main] INFO org.springframework.test.context.support.AnnotationConfigContextLoaderUtils -- Could not detect default configuration classes for test class [com.example.webookchallenge.WebookchallengeApplicationTests]: WebookchallengeApplicationTests does not declare any static, non-private, non-final, nested classes annotated with @Configuration.
15:00:14.093 [main] INFO org.springframework.boot.test.context.SpringBootTestContextBootstrapper -- Found @SpringBootConfiguration com.example.webookchallenge.WebookchallengeApplication for test class com.example.webookchallenge.WebookchallengeApplicationTests
15:00:14.405 [main] INFO org.springframework.boot.devtools.restart.RestartApplicationListener -- Restart disabled due to context in which it is running

  .   ____          _            __ _ _
 /\\ / ___'_ __ _ _(_)_ __  __ _ \ \ \ \
( ( )\___ | '_ | '_| | '_ \/ _` | \ \ \ \
 \\/  ___)| |_)| | | | | || (_| |  ) ) ) )
  '  |____| .__|_| |_|_| |_\__, | / / / /
 =========|_|==============|___/=/_/_/_/

 :: Spring Boot ::                (v3.5.6)

15:00:15.112 [main] INFO  c.e.w.WebookchallengeApplicationTests - Starting WebookchallengeApplicationTests using Java 21.0.8 with PID 338664 (started by vedansh in /home/vedansh/Documents/webookchallenge)
15:00:15.114 [main] INFO  c.e.w.WebookchallengeApplicationTests - No active profile set, falling back to 1 default profile: "default"
15:00:18.351 [main] INFO  c.e.w.WebookchallengeApplicationTests - Started WebookchallengeApplicationTests in 3.975 seconds (process running for 6.395)
15:00:18.356 [main] INFO  c.e.w.r.ApplicationStartupRunner - SPRING BOOT APPLICATION STARTED SUCCESSFULLY!
15:00:18.356 [main] INFO  c.e.w.r.ApplicationStartupRunner - ⚡ Triggering webhook challenge automatically...
15:00:18.356 [main] INFO  c.e.w.s.WebhookChallengeService - 🚀 STARTING WEBHOOK CHALLENGE
15:00:18.357 [main] INFO  c.e.w.s.WebhookChallengeService - 📡 Step 1: Sending POST request to generate webhook...
15:00:18.357 [main] INFO  c.e.w.s.WebhookChallengeService - Sending POST request to: https://bfhldevapigw.healthrx.co.in/hiring/generateWebhook/JAVA
15:00:18.359 [main] INFO  c.e.w.s.WebhookChallengeService - Request payload: name='Vedansh Jain', regNo='187', email='vedansh.code@gmail.com'
15:00:18.363 [main] INFO  c.e.w.s.WebhookChallengeService - Making POST request...
15:00:18.666 [main] DEBUG o.s.web.client.RestTemplate - HTTP POST https://bfhldevapigw.healthrx.co.in/hiring/generateWebhook/JAVA
15:00:18.777 [main] DEBUG o.s.web.client.RestTemplate - Accept=[application/json, application/*+json]
15:00:18.818 [main] DEBUG o.s.web.client.RestTemplate - Writing [com.example.webookchallenge.model.WebhookRequest@3946075] as "application/json"
15:00:20.194 [main] DEBUG o.s.web.client.RestTemplate - Response 200 OK
15:00:20.199 [main] DEBUG o.s.web.client.RestTemplate - Reading to [com.example.webookchallenge.model.WebhookResponse]
15:00:20.234 [main] INFO  c.e.w.s.WebhookChallengeService - Response status: 200 OK
15:00:20.234 [main] INFO  c.e.w.s.WebhookChallengeService - Webhook generation successful!
15:00:20.234 [main] INFO  c.e.w.s.WebhookChallengeService - Response body received with webhook and accessToken
15:00:20.234 [main] INFO  c.e.w.s.WebhookChallengeService - Webhook generation successful!
15:00:20.237 [main] INFO  c.e.w.s.WebhookChallengeService - Webhook URL: https://bfhldevapigw.healthrx.co.in/hiring/testWebhook/JAVA
15:00:20.238 [main] INFO  c.e.w.s.WebhookChallengeService - Access Token: eyJhbGciOiJIUzI1NiJ9...
15:00:20.238 [main] INFO  c.e.w.s.WebhookChallengeService - Step 2: Solving SQL problem for regNo 187 (Odd)...
15:00:20.240 [main] INFO  c.e.w.s.WebhookChallengeService - Solving SQL Problem: Find highest salary NOT paid on 1st day of month
15:00:20.240 [main] INFO  c.e.w.s.WebhookChallengeService - Required output columns: SALARY, NAME, AGE, DEPARTMENT_NAME
15:00:20.240 [main] INFO  c.e.w.s.WebhookChallengeService - Final SQL query prepared for submission
15:00:20.240 [main] INFO  c.e.w.s.WebhookChallengeService - SQL solution generated successfully
15:00:20.244 [main] INFO  c.e.w.s.WebhookChallengeService - Step 3: Submitting solution to webhook URL...
15:00:20.244 [main] INFO  c.e.w.s.WebhookChallengeService - Submitting solution to webhook URL...
15:00:20.244 [main] INFO  c.e.w.s.WebhookChallengeService - Submission URL: https://bfhldevapigw.healthrx.co.in/hiring/testWebhook/JAVA
15:00:20.245 [main] INFO  c.e.w.s.WebhookChallengeService - Solution payload created with finalQuery
15:00:20.245 [main] INFO  c.e.w.s.WebhookChallengeService - Final SQL Query being submitted:
15:00:20.245 [main] INFO  c.e.w.s.WebhookChallengeService - Making POST request to submit solution...
15:00:20.247 [main] DEBUG o.s.web.client.RestTemplate - HTTP POST https://bfhldevapigw.healthrx.co.in/hiring/testWebhook/JAVA
15:00:20.251 [main] DEBUG o.s.web.client.RestTemplate - Accept=[text/plain, application/json, application/*+json, */*]
15:00:20.253 [main] DEBUG o.s.web.client.RestTemplate - Writing [com.example.webookchallenge.model.SolutionRequest@5db948c9] as "application/json"
15:00:20.333 [main] DEBUG o.s.web.client.RestTemplate - Response 200 OK
15:00:20.334 [main] DEBUG o.s.web.client.RestTemplate - Reading to [java.lang.String] as "application/json"
15:00:20.335 [main] INFO  c.e.w.s.WebhookChallengeService - Submission response status: 200 OK
15:00:20.351 [main] INFO  c.e.w.s.WebhookChallengeService - SOLUTION SUBMITTED SUCCESSFULLY!
15:00:20.351 [main] INFO  c.e.w.s.WebhookChallengeService - 📄 Response body: {"success":true,"message":"Webhook processed successfully"}
15:00:20.351 [main] INFO  c.e.w.s.WebhookChallengeService - WEBHOOK CHALLENGE COMPLETED
]]></system-out>
    <system-err><![CDATA[Mockito is currently self-attaching to enable the inline-mock-maker. This will no longer work in future releases of the JDK. Please add Mockito as an agent to your build as described in Mockito's documentation: https://javadoc.io/doc/org.mockito/mockito-core/latest/org.mockito/org/mockito/Mockito.html#0.3
WARNING: A Java agent has been loaded dynamically (/home/vedansh/.m2/repository/net/bytebuddy/byte-buddy-agent/1.17.7/byte-buddy-agent-1.17.7.jar)
WARNING: If a serviceability tool is in use, please run with -XX:+EnableDynamicAgentLoading to hide this warning
WARNING: If a serviceability tool is not in use, please run with -Djdk.instrument.traceUsage for more information
WARNING: Dynamic loading of agents will be disallowed by default in a future release
]]></system-err>
  </testcase>
</testsuite>